This is pdfTeX, Version 3.141592653-2.6-1.40.29 (TeX Live 2026/Homebrew) (preloaded format=pdflatex 2026.3.4)  31 MAR 2026 21:23
entering extended mode
 restricted \write18 enabled.
 %&-line parsing enabled.
**attention_is_all_you_need_report.tex
(./attention_is_all_you_need_report.tex
LaTeX2e <2025-11-01>
L3 programming layer <2026-01-19>

(/opt/homebrew/Cellar/texlive/20260301/share/texmf-dist/tex/latex/base/article.
cls
Document Class: article 2025/01/22 v1.4n Standard LaTeX document class

(/opt/homebrew/Cellar/texlive/20260301/share/texmf-dist/tex/latex/base/size11.c
lo
File: size11.clo 2025/01/22 v1.4n Standard LaTeX file (size option)
)
\c@part=\count275
\c@section=\count276
\c@subsection=\count277
\c@subsubsection=\count278
\c@paragraph=\count279
\c@subparagraph=\count280
\c@figure=\count281
\c@table=\count282
\abovecaptionskip=\skip49
\belowcaptionskip=\skip50
\bibindent=\dimen148
)
(/opt/homebrew/Cellar/texlive/20260301/share/texmf-dist/tex/latex/geometry/geom
etry.sty
Package: geometry 2020/01/02 v5.9 Page Geometry

(/opt/homebrew/Cellar/texlive/20260301/share/texmf-dist/tex/latex/graphics/keyv
al.sty
Package: keyval 2022/05/29 v1.15 key=value parser (DPC)
\KV@toks@=\toks17
)
(/opt/homebrew/Cellar/texlive/20260301/share/texmf-dist/tex/generic/iftex/ifvte
x.sty
Package: ifvtex 2019/10/25 v1.7 ifvtex legacy package. Use iftex instead.

(/opt/homebrew/Cellar/texlive/20260301/share/texmf-dist/tex/generic/iftex/iftex
.sty
Package: iftex 2024/12/12 v1.0g TeX engine tests
))
\Gm@cnth=\count283
\Gm@cntv=\count284
\c@Gm@tempcnt=\count285
\Gm@bindingoffset=\dimen149
\Gm@wd@mp=\dimen150
\Gm@odd@mp=\dimen151
\Gm@even@mp=\dimen152
\Gm@layoutwidth=\dimen153
\Gm@layoutheight=\dimen154
\Gm@layouthoffset=\dimen155
\Gm@layoutvoffset=\dimen156
\Gm@dimlist=\toks18
)
(/opt/homebrew/Cellar/texlive/20260301/share/texmf-dist/tex/latex/cjk-ko/kotex.
sty
Package: kotex 2015/04/19 v1.6 Korean TeX (ko.TeX)

(/opt/homebrew/Cellar/texlive/20260301/share/texmf-dist/tex/latex/kotex-utf/kot
ex.cfg)
(/opt/homebrew/Cellar/texlive/20260301/share/texmf-dist/tex/latex/kotex-utf/kot
exutf.sty
Package: kotexutf 2022/06/22 v3.0.0 typesetting UTF-8 Korean documents

(/opt/homebrew/Cellar/texlive/20260301/share/texmf-dist/tex/latex/base/inputenc
.sty
Package: inputenc 2024/02/08 v1.3d Input encoding file
\inpenc@prehook=\toks19
\inpenc@posthook=\toks20
)
(/opt/homebrew/Cellar/texlive/20260301/share/texmf-dist/tex/plain/kotex-plain/k
otexutf-core.tex
\unih@ngulpoint=\count286
\dhucs@emph@raise=\dimen157
)
Now handling font encoding LUC ...
... processing UTF-8 mapping file for font encoding LUC

(/opt/homebrew/Cellar/texlive/20260301/share/texmf-dist/tex/latex/kotex-utf/luc
enc.dfu
File: lucenc.dfu 2007/09/05 UTF-8 support for dhucs
   defining Unicode char U+00B7 (decimal 183)
   defining Unicode char U+2018 (decimal 8216)
   defining Unicode char U+2019 (decimal 8217)
   defining Unicode char U+201C (decimal 8220)
   defining Unicode char U+201D (decimal 8221)
   defining Unicode char U+3001 (decimal 12289)
   defining Unicode char U+3002 (decimal 12290)
   defining Unicode char U+3008 (decimal 12296)
   defining Unicode char U+3009 (decimal 12297)
   defining Unicode char U+300A (decimal 12298)
   defining Unicode char U+300B (decimal 12299)
   defining Unicode char U+300C (decimal 12300)
   defining Unicode char U+300D (decimal 12301)
   defining Unicode char U+300E (decimal 12302)
   defining Unicode char U+300F (decimal 12303)
   defining Unicode char U+3010 (decimal 12304)
   defining Unicode char U+3011 (decimal 12305)
   defining Unicode char U+3014 (decimal 12308)
   defining Unicode char U+3015 (decimal 12309)
   defining Unicode char U+3016 (decimal 12310)
   defining Unicode char U+3017 (decimal 12311)
   defining Unicode char U+3018 (decimal 12312)
   defining Unicode char U+3019 (decimal 12313)
   defining Unicode char U+301A (decimal 12314)
   defining Unicode char U+301B (decimal 12315)
   defining Unicode char U+FF01 (decimal 65281)
   defining Unicode char U+FF08 (decimal 65288)
   defining Unicode char U+FF09 (decimal 65289)
   defining Unicode char U+FF0C (decimal 65292)
   defining Unicode char U+FF0E (decimal 65294)
   defining Unicode char U+FF1A (decimal 65306)
   defining Unicode char U+FF1B (decimal 65307)
   defining Unicode char U+FF1C (decimal 65308)
   defining Unicode char U+FF1D (decimal 65309)
   defining Unicode char U+FF1E (decimal 65310)
   defining Unicode char U+FF1F (decimal 65311)
   defining Unicode char U+FF3B (decimal 65339)
   defining Unicode char U+FF3D (decimal 65341)
   defining Unicode char U+FF5B (decimal 65371)
   defining Unicode char U+FF5D (decimal 65373)
   defining Unicode char U+FF61 (decimal 65377)
   defining Unicode char U+FF62 (decimal 65378)
   defining Unicode char U+FF63 (decimal 65379)
   defining Unicode char U+FF64 (decimal 65380)
   defining Unicode char U+FF65 (decimal 65381)
)
\@josa=\count287
\josatoks=\toks21

(/opt/homebrew/Cellar/texlive/20260301/share/texmf-dist/tex/latex/cjk-ko/kolabe
ls-utf.sty
Package: kolabels-utf 2015/03/20 v1.5 UTF-8 Hangul item labels
)))
(/opt/homebrew/Cellar/texlive/20260301/share/texmf-dist/tex/latex/graphics/grap
hicx.sty
Package: graphicx 2024/12/31 v1.2e Enhanced LaTeX Graphics (DPC,SPQR)

(/opt/homebrew/Cellar/texlive/20260301/share/texmf-dist/tex/latex/graphics/grap
hics.sty
Package: graphics 2024/08/06 v1.4g Standard LaTeX Graphics (DPC,SPQR)

(/opt/homebrew/Cellar/texlive/20260301/share/texmf-dist/tex/latex/graphics/trig
.sty
Package: trig 2023/12/02 v1.11 sin cos tan (DPC)
)
(/opt/homebrew/Cellar/texlive/20260301/share/texmf-dist/tex/latex/graphics-cfg/
graphics.cfg
File: graphics.cfg 2016/06/04 v1.11 sample graphics configuration
)
Package graphics Info: Driver file: pdftex.def on input line 106.

(/opt/homebrew/Cellar/texlive/20260301/share/texmf-dist/tex/latex/graphics-def/
pdftex.def
File: pdftex.def 2025/09/29 v1.2d Graphics/color driver for pdftex
))
\Gin@req@height=\dimen158
\Gin@req@width=\dimen159
)
(/opt/homebrew/Cellar/texlive/20260301/share/texmf-dist/tex/latex/booktabs/book
tabs.sty
Package: booktabs 2020/01/12 v1.61803398 Publication quality tables
\heavyrulewidth=\dimen160
\lightrulewidth=\dimen161
\cmidrulewidth=\dimen162
\belowrulesep=\dimen163
\belowbottomsep=\dimen164
\aboverulesep=\dimen165
\abovetopsep=\dimen166
\cmidrulesep=\dimen167
\cmidrulekern=\dimen168
\defaultaddspace=\dimen169
\@cmidla=\count288
\@cmidlb=\count289
\@aboverulesep=\dimen170
\@belowrulesep=\dimen171
\@thisruleclass=\count290
\@lastruleclass=\count291
\@thisrulewidth=\dimen172
)
(/opt/homebrew/Cellar/texlive/20260301/share/texmf-dist/tex/latex/hyperref/hype
rref.sty
Package: hyperref 2026-01-29 v7.01p Hypertext links for LaTeX

(/opt/homebrew/Cellar/texlive/20260301/share/texmf-dist/tex/latex/kvsetkeys/kvs
etkeys.sty
Package: kvsetkeys 2022-10-05 v1.19 Key value parser (HO)
)
(/opt/homebrew/Cellar/texlive/20260301/share/texmf-dist/tex/generic/kvdefinekey
s/kvdefinekeys.sty
Package: kvdefinekeys 2019-12-19 v1.6 Define keys (HO)
)
(/opt/homebrew/Cellar/texlive/20260301/share/texmf-dist/tex/generic/pdfescape/p
dfescape.sty
Package: pdfescape 2019/12/09 v1.15 Implements pdfTeX's escape features (HO)

(/opt/homebrew/Cellar/texlive/20260301/share/texmf-dist/tex/generic/ltxcmds/ltx
cmds.sty
Package: ltxcmds 2023-12-04 v1.26 LaTeX kernel commands for general use (HO)
)
(/opt/homebrew/Cellar/texlive/20260301/share/texmf-dist/tex/generic/pdftexcmds/
pdftexcmds.sty
Package: pdftexcmds 2020-06-27 v0.33 Utility functions of pdfTeX for LuaTeX (HO
)

(/opt/homebrew/Cellar/texlive/20260301/share/texmf-dist/tex/generic/infwarerr/i
nfwarerr.sty
Package: infwarerr 2019/12/03 v1.5 Providing info/warning/error messages (HO)
)
Package pdftexcmds Info: \pdf@primitive is available.
Package pdftexcmds Info: \pdf@ifprimitive is available.
Package pdftexcmds Info: \pdfdraftmode found.
))
(/opt/homebrew/Cellar/texlive/20260301/share/texmf-dist/tex/latex/hycolor/hycol
or.sty
Package: hycolor 2020-01-27 v1.10 Color options for hyperref/bookmark (HO)
)
(/opt/homebrew/Cellar/texlive/20260301/share/texmf-dist/tex/latex/hyperref/name
ref.sty
Package: nameref 2026-01-29 v2.58 Cross-referencing by name of section

(/opt/homebrew/Cellar/texlive/20260301/share/texmf-dist/tex/latex/refcount/refc
ount.sty
Package: refcount 2019/12/15 v3.6 Data extraction from label references (HO)
)
(/opt/homebrew/Cellar/texlive/20260301/share/texmf-dist/tex/generic/gettitlestr
ing/gettitlestring.sty
Package: gettitlestring 2019/12/15 v1.6 Cleanup title references (HO)

(/opt/homebrew/Cellar/texlive/20260301/share/texmf-dist/tex/latex/kvoptions/kvo
ptions.sty
Package: kvoptions 2022-06-15 v3.15 Key value format for package options (HO)
))
\c@section@level=\count292
)
(/opt/homebrew/Cellar/texlive/20260301/share/texmf-dist/tex/latex/etoolbox/etoo
lbox.sty
Package: etoolbox 2025/10/02 v2.5m e-TeX tools for LaTeX (JAW)
\etb@tempcnta=\count293
)
(/opt/homebrew/Cellar/texlive/20260301/share/texmf-dist/tex/generic/stringenc/s
tringenc.sty
Package: stringenc 2019/11/29 v1.12 Convert strings between diff. encodings (HO
)
)
\@linkdim=\dimen173
\Hy@linkcounter=\count294
\Hy@pagecounter=\count295

(/opt/homebrew/Cellar/texlive/20260301/share/texmf-dist/tex/latex/hyperref/pd1e
nc.def
File: pd1enc.def 2026-01-29 v7.01p Hyperref: PDFDocEncoding definition (HO)
Now handling font encoding PD1 ...
... no UTF-8 mapping file for font encoding PD1
)
(/opt/homebrew/Cellar/texlive/20260301/share/texmf-dist/tex/generic/intcalc/int
calc.sty
Package: intcalc 2019/12/15 v1.3 Expandable calculations with integers (HO)
)
\Hy@SavedSpaceFactor=\count296

(/opt/homebrew/Cellar/texlive/20260301/share/texmf-dist/tex/latex/hyperref/puen
c.def
File: puenc.def 2026-01-29 v7.01p Hyperref: PDF Unicode definition (HO)
Now handling font encoding PU ...
... no UTF-8 mapping file for font encoding PU
)
Package hyperref Info: Hyper figures OFF on input line 4201.
Package hyperref Info: Link nesting OFF on input line 4206.
Package hyperref Info: Hyper index ON on input line 4209.
Package hyperref Info: Plain pages OFF on input line 4216.
Package hyperref Info: Backreferencing OFF on input line 4221.
Package hyperref Info: Implicit mode ON; LaTeX internals redefined.
Package hyperref Info: Bookmarks ON on input line 4468.
\c@Hy@tempcnt=\count297

(/opt/homebrew/Cellar/texlive/20260301/share/texmf-dist/tex/latex/url/url.sty
\Urlmuskip=\muskip17
Package: url 2013/09/16  ver 3.4  Verb mode for urls, etc.
)
LaTeX Info: Redefining \url on input line 4807.
\XeTeXLinkMargin=\dimen174

(/opt/homebrew/Cellar/texlive/20260301/share/texmf-dist/tex/generic/bitset/bits
et.sty
Package: bitset 2019/12/09 v1.3 Handle bit-vector datatype (HO)

(/opt/homebrew/Cellar/texlive/20260301/share/texmf-dist/tex/generic/bigintcalc/
bigintcalc.sty
Package: bigintcalc 2019/12/15 v1.5 Expandable calculations on big integers (HO
)
))
\Fld@menulength=\count298
\Field@Width=\dimen175
\Fld@charsize=\dimen176
Package hyperref Info: Hyper figures OFF on input line 6084.
Package hyperref Info: Link nesting OFF on input line 6089.
Package hyperref Info: Hyper index ON on input line 6092.
Package hyperref Info: backreferencing OFF on input line 6099.
Package hyperref Info: Link coloring OFF on input line 6104.
Package hyperref Info: Link coloring with OCG OFF on input line 6109.
Package hyperref Info: PDF/A mode OFF on input line 6114.
\Hy@abspage=\count299
\c@Item=\count300
\c@Hfootnote=\count301
)
Package hyperref Info: Driver (autodetected): hpdftex.

(/opt/homebrew/Cellar/texlive/20260301/share/texmf-dist/tex/latex/hyperref/hpdf
tex.def
File: hpdftex.def 2026-01-29 v7.01p Hyperref driver for pdfTeX
\Fld@listcount=\count302
\c@bookmark@seq@number=\count303

(/opt/homebrew/Cellar/texlive/20260301/share/texmf-dist/tex/latex/rerunfilechec
k/rerunfilecheck.sty
Package: rerunfilecheck 2025-06-21 v1.11 Rerun checks for auxiliary files (HO)

(/opt/homebrew/Cellar/texlive/20260301/share/texmf-dist/tex/generic/uniquecount
er/uniquecounter.sty
Package: uniquecounter 2019/12/15 v1.4 Provide unlimited unique counter (HO)
)
Package uniquecounter Info: New unique counter `rerunfilecheck' on input line 2
84.
)
\Hy@SectionHShift=\skip51
)
(/opt/homebrew/Cellar/texlive/20260301/share/texmf-dist/tex/latex/l3backend/l3b
ackend-pdftex.def
File: l3backend-pdftex.def 2025-10-09 L3 backend support: PDF output (pdfTeX)
\l__color_backend_stack_int=\count304
) (./attention_is_all_you_need_report.aux)
\openout1 = `attention_is_all_you_need_report.aux'.

LaTeX Font Info:    Checking defaults for OML/cmm/m/it on input line 10.
LaTeX Font Info:    ... okay on input line 10.
LaTeX Font Info:    Checking defaults for OMS/cmsy/m/n on input line 10.
LaTeX Font Info:    ... okay on input line 10.
LaTeX Font Info:    Checking defaults for OT1/cmr/m/n on input line 10.
LaTeX Font Info:    ... okay on input line 10.
LaTeX Font Info:    Checking defaults for T1/cmr/m/n on input line 10.
LaTeX Font Info:    ... okay on input line 10.
LaTeX Font Info:    Checking defaults for TS1/cmr/m/n on input line 10.
LaTeX Font Info:    ... okay on input line 10.
LaTeX Font Info:    Checking defaults for OMX/cmex/m/n on input line 10.
LaTeX Font Info:    ... okay on input line 10.
LaTeX Font Info:    Checking defaults for U/cmr/m/n on input line 10.
LaTeX Font Info:    ... okay on input line 10.
LaTeX Font Info:    Checking defaults for LUC/nanummj/m/n on input line 10.
LaTeX Font Info:    Trying to load font information for LUC+nanummj on input li
ne 10.

(/opt/homebrew/Cellar/texlive/20260301/share/texmf-dist/tex/latex/nanumtype1/lu
cnanummj.fd
File: lucnanummj.fd 2013/02/12 v0.1 Nanum Myeongjo font definitions
)
LaTeX Font Info:    ... okay on input line 10.
LaTeX Font Info:    Checking defaults for PD1/pdf/m/n on input line 10.
LaTeX Font Info:    ... okay on input line 10.
LaTeX Font Info:    Checking defaults for PU/pdf/m/n on input line 10.
LaTeX Font Info:    ... okay on input line 10.

*geometry* driver: auto-detecting
*geometry* detected driver: pdftex
*geometry* verbose mode - [ preamble ] result:
* driver: pdftex
* paper: a4paper
* layout: <same size as paper>
* layoutoffset:(h,v)=(0.0pt,0.0pt)
* modes: 
* h-part:(L,W,R)=(72.26999pt, 452.9679pt, 72.26999pt)
* v-part:(T,H,B)=(72.26999pt, 700.50687pt, 72.26999pt)
* \paperwidth=597.50787pt
* \paperheight=845.04684pt
* \textwidth=452.9679pt
* \textheight=700.50687pt
* \oddsidemargin=0.0pt
* \evensidemargin=0.0pt
* \topmargin=-37.0pt
* \headheight=12.0pt
* \headsep=25.0pt
* \topskip=11.0pt
* \footskip=30.0pt
* \marginparwidth=50.0pt
* \marginparsep=10.0pt
* \columnsep=10.0pt
* \skip\footins=10.0pt plus 4.0pt minus 2.0pt
* \hoffset=0.0pt
* \voffset=0.0pt
* \mag=1000
* \@twocolumnfalse
* \@twosidefalse
* \@mparswitchfalse
* \@reversemarginfalse
* (1in=72.27pt=25.4mm, 1cm=28.453pt)


(/opt/homebrew/Cellar/texlive/20260301/share/texmf-dist/tex/context/base/mkii/s
upp-pdf.mkii
[Loading MPS to PDF converter (version 2006.09.02).]
\scratchcounter=\count305
\scratchdimen=\dimen177
\scratchbox=\box53
\nofMPsegments=\count306
\nofMParguments=\count307
\everyMPshowfont=\toks22
\MPscratchCnt=\count308
\MPscratchDim=\dimen178
\MPnumerator=\count309
\makeMPintoPDFobject=\count310
\everyMPtoPDFconversion=\toks23
)
(/opt/homebrew/Cellar/texlive/20260301/share/texmf-dist/tex/latex/epstopdf-pkg/
epstopdf-base.sty
Package: epstopdf-base 2020-01-24 v2.11 Base part for package epstopdf
Package epstopdf-base Info: Redefining graphics rule for `.eps' on input line 4
85.

(/opt/homebrew/Cellar/texlive/20260301/share/texmf-dist/tex/latex/latexconfig/e
pstopdf-sys.cfg
File: epstopdf-sys.cfg 2010/07/13 v1.3 Configuration of (r)epstopdf for TeX Liv
e
))
Package hyperref Info: Link coloring OFF on input line 10.
 (./attention_is_all_you_need_report.out)
(./attention_is_all_you_need_report.out)
\@outlinefile=\write3
\openout3 = `attention_is_all_you_need_report.out'.

LaTeX Font Info:    External font `cmex10' loaded for size
(Font)              <12> on input line 12.
LaTeX Font Info:    External font `cmex10' loaded for size
(Font)              <8> on input line 12.
LaTeX Font Info:    External font `cmex10' loaded for size
(Font)              <6> on input line 12.
LaTeX Font Info:    External font `cmex10' loaded for size
(Font)              <10.95> on input line 37.
 [1

{/opt/homebrew/Cellar/texlive/20260301/share/texmf-dist/fonts/map/pdftex/updmap
/pdftex.map}{/opt/homebrew/Cellar/texlive/20260301/share/texmf-dist/fonts/enc/d
vips/cm-super/cm-super-ts1.enc}]
[2] (./attention_is_all_you_need_report.aux)
 ***********
LaTeX2e <2025-11-01>
L3 programming layer <2026-01-19>
 ***********
Package rerunfilecheck Info: File `attention_is_all_you_need_report.out' has no
t changed.
(rerunfilecheck)             Checksum: 6A765B958DFBCCEE8C2405D22C94C037;1302.
 ) 
Here is how much of TeX's memory you used:
 9531 strings out of 467525
 151680 string characters out of 5408440
 574141 words of memory out of 5000000
 38264 multiletter control sequences out of 15000+600000
 653224 words of font info for 126 fonts, out of 8000000 for 9000
 1141 hyphenation exceptions out of 8191
 75i,6n,79p,308b,520s stack positions out of 10000i,1000n,20000p,200000b,200000s
</opt/homebrew/Cellar/texlive/20260301/share/texmf-dist/fonts/type1/public/am
sfonts/cm/cmbx10.pfb></opt/homebrew/Cellar/texlive/20260301/share/texmf-dist/fo
nts/type1/public/amsfonts/cm/cmbx12.pfb></opt/homebrew/Cellar/texlive/20260301/
share/texmf-dist/fonts/type1/public/amsfonts/cm/cmex10.pfb></opt/homebrew/Cella
r/texlive/20260301/share/texmf-dist/fonts/type1/public/amsfonts/cm/cmmi10.pfb><
/opt/homebrew/Cellar/texlive/20260301/share/texmf-dist/fonts/type1/public/amsfo
nts/cm/cmmi8.pfb></opt/homebrew/Cellar/texlive/20260301/share/texmf-dist/fonts/
type1/public/amsfonts/cm/cmr10.pfb></opt/homebrew/Cellar/texlive/20260301/share
/texmf-dist/fonts/type1/public/amsfonts/cm/cmr12.pfb></opt/homebrew/Cellar/texl
ive/20260301/share/texmf-dist/fonts/type1/public/amsfonts/cm/cmr17.pfb></opt/ho
mebrew/Cellar/texlive/20260301/share/texmf-dist/fonts/type1/public/amsfonts/cm/
cmr8.pfb></opt/homebrew/Cellar/texlive/20260301/share/texmf-dist/fonts/type1/pu
blic/amsfonts/cm/cmsy10.pfb></opt/homebrew/Cellar/texlive/20260301/share/texmf-
dist/fonts/type1/public/amsfonts/cm/cmti10.pfb></opt/homebrew/Cellar/texlive/20
260301/share/texmf-dist/fonts/type1/public/nanumtype1/nanummjbac.pfb></opt/home
brew/Cellar/texlive/20260301/share/texmf-dist/fonts/type1/public/nanumtype1/nan
ummjbad.pfb></opt/homebrew/Cellar/texlive/20260301/share/texmf-dist/fonts/type1
/public/nanumtype1/nanummjbb3.pfb></opt/homebrew/Cellar/texlive/20260301/share/
texmf-dist/fonts/type1/public/nanumtype1/nanummjbb5.pfb></opt/homebrew/Cellar/t
exlive/20260301/share/texmf-dist/fonts/type1/public/nanumtype1/nanummjbb8.pfb><
/opt/homebrew/Cellar/texlive/20260301/share/texmf-dist/fonts/type1/public/nanum
type1/nanummjbb9.pfb></opt/homebrew/Cellar/texlive/20260301/share/texmf-dist/fo
nts/type1/public/nanumtype1/nanummjbbb.pfb></opt/homebrew/Cellar/texlive/202603
01/share/texmf-dist/fonts/type1/public/nanumtype1/nanummjbc1.pfb></opt/homebrew
/Cellar/texlive/20260301/share/texmf-dist/fonts/type1/public/nanumtype1/nanummj
bc2.pfb></opt/homebrew/Cellar/texlive/20260301/share/texmf-dist/fonts/type1/pub
lic/nanumtype1/nanummjbc5.pfb></opt/homebrew/Cellar/texlive/20260301/share/texm
f-dist/fonts/type1/public/nanumtype1/nanummjbc6.pfb></opt/homebrew/Cellar/texli
ve/20260301/share/texmf-dist/fonts/type1/public/nanumtype1/nanummjbc7.pfb></opt
/homebrew/Cellar/texlive/20260301/share/texmf-dist/fonts/type1/public/nanumtype
1/nanummjbc8.pfb></opt/homebrew/Cellar/texlive/20260301/share/texmf-dist/fonts/
type1/public/nanumtype1/nanummjbc9.pfb></opt/homebrew/Cellar/texlive/20260301/s
hare/texmf-dist/fonts/type1/public/nanumtype1/nanummjbcc.pfb></opt/homebrew/Cel
lar/texlive/20260301/share/texmf-dist/fonts/type1/public/nanumtype1/nanummjbcd.
pfb></opt/homebrew/Cellar/texlive/20260301/share/texmf-dist/fonts/type1/public/
nanumtype1/nanummjbcf.pfb></opt/homebrew/Cellar/texlive/20260301/share/texmf-di
st/fonts/type1/public/nanumtype1/nanummjbd5.pfb></opt/homebrew/Cellar/texlive/2
0260301/share/texmf-dist/fonts/type1/public/nanumtype1/nanummjbd6.pfb></opt/hom
ebrew/Cellar/texlive/20260301/share/texmf-dist/fonts/type1/public/nanumtype1/na
nummjmac.pfb></opt/homebrew/Cellar/texlive/20260301/share/texmf-dist/fonts/type
1/public/nanumtype1/nanummjmad.pfb></opt/homebrew/Cellar/texlive/20260301/share
/texmf-dist/fonts/type1/public/nanumtype1/nanummjmae.pfb></opt/homebrew/Cellar/
texlive/20260301/share/texmf-dist/fonts/type1/public/nanumtype1/nanummjmb0.pfb>
</opt/homebrew/Cellar/texlive/20260301/share/texmf-dist/fonts/type1/public/nanu
mtype1/nanummjmb1.pfb></opt/homebrew/Cellar/texlive/20260301/share/texmf-dist/f
onts/type1/public/nanumtype1/nanummjmb2.pfb></opt/homebrew/Cellar/texlive/20260
301/share/texmf-dist/fonts/type1/public/nanumtype1/nanummjmb3.pfb></opt/homebre
w/Cellar/texlive/20260301/share/texmf-dist/fonts/type1/public/nanumtype1/nanumm
jmb4.pfb></opt/homebrew/Cellar/texlive/20260301/share/texmf-dist/fonts/type1/pu
blic/nanumtype1/nanummjmb5.pfb></opt/homebrew/Cellar/texlive/20260301/share/tex
mf-dist/fonts/type1/public/nanumtype1/nanummjmb7.pfb></opt/homebrew/Cellar/texl
ive/20260301/share/texmf-dist/fonts/type1/public/nanumtype1/nanummjmb8.pfb></op
t/homebrew/Cellar/texlive/20260301/share/texmf-dist/fonts/type1/public/nanumtyp
e1/nanummjmb9.pfb></opt/homebrew/Cellar/texlive/20260301/share/texmf-dist/fonts
/type1/public/nanumtype1/nanummjmba.pfb></opt/homebrew/Cellar/texlive/20260301/
share/texmf-dist/fonts/type1/public/nanumtype1/nanummjmbb.pfb></opt/homebrew/Ce
llar/texlive/20260301/share/texmf-dist/fonts/type1/public/nanumtype1/nanummjmbc
.pfb></opt/homebrew/Cellar/texlive/20260301/share/texmf-dist/fonts/type1/public
/nanumtype1/nanummjmbe.pfb></opt/homebrew/Cellar/texlive/20260301/share/texmf-d
ist/fonts/type1/public/nanumtype1/nanummjmbf.pfb></opt/homebrew/Cellar/texlive/
20260301/share/texmf-dist/fonts/type1/public/nanumtype1/nanummjmc0.pfb></opt/ho
mebrew/Cellar/texlive/20260301/share/texmf-dist/fonts/type1/public/nanumtype1/n
anummjmc1.pfb></opt/homebrew/Cellar/texlive/20260301/share/texmf-dist/fonts/typ
e1/public/nanumtype1/nanummjmc2.pfb></opt/homebrew/Cellar/texlive/20260301/shar
e/texmf-dist/fonts/type1/public/nanumtype1/nanummjmc3.pfb></opt/homebrew/Cellar
/texlive/20260301/share/texmf-dist/fonts/type1/public/nanumtype1/nanummjmc5.pfb
></opt/homebrew/Cellar/texlive/20260301/share/texmf-dist/fonts/type1/public/nan
umtype1/nanummjmc6.pfb></opt/homebrew/Cellar/texlive/20260301/share/texmf-dist/
fonts/type1/public/nanumtype1/nanummjmc7.pfb></opt/homebrew/Cellar/texlive/2026
0301/share/texmf-dist/fonts/type1/public/nanumtype1/nanummjmc8.pfb></opt/homebr
ew/Cellar/texlive/20260301/share/texmf-dist/fonts/type1/public/nanumtype1/nanum
mjmc9.pfb></opt/homebrew/Cellar/texlive/20260301/share/texmf-dist/fonts/type1/p
ublic/nanumtype1/nanummjmcc.pfb></opt/homebrew/Cellar/texlive/20260301/share/te
xmf-dist/fonts/type1/public/nanumtype1/nanummjmcd.pfb></opt/homebrew/Cellar/tex
live/20260301/share/texmf-dist/fonts/type1/public/nanumtype1/nanummjmce.pfb></o
pt/homebrew/Cellar/texlive/20260301/share/texmf-dist/fonts/type1/public/nanumty
pe1/nanummjmcf.pfb></opt/homebrew/Cellar/texlive/20260301/share/texmf-dist/font
s/type1/public/nanumtype1/nanummjmd0.pfb></opt/homebrew/Cellar/texlive/20260301
/share/texmf-dist/fonts/type1/public/nanumtype1/nanummjmd1.pfb></opt/homebrew/C
ellar/texlive/20260301/share/texmf-dist/fonts/type1/public/nanumtype1/nanummjmd
2.pfb></opt/homebrew/Cellar/texlive/20260301/share/texmf-dist/fonts/type1/publi
c/nanumtype1/nanummjmd3.pfb></opt/homebrew/Cellar/texlive/20260301/share/texmf-
dist/fonts/type1/public/nanumtype1/nanummjmd4.pfb></opt/homebrew/Cellar/texlive
/20260301/share/texmf-dist/fonts/type1/public/nanumtype1/nanummjmd5.pfb></opt/h
omebrew/Cellar/texlive/20260301/share/texmf-dist/fonts/type1/public/nanumtype1/
nanummjmd6.pfb></opt/homebrew/Cellar/texlive/20260301/share/texmf-dist/fonts/ty
pe1/public/nanumtype1/nanummjmd7.pfb></opt/homebrew/Cellar/texlive/20260301/sha
re/texmf-dist/fonts/type1/public/cm-super/sfrm1095.pfb>
Output written on attention_is_all_you_need_report.pdf (2 pages, 2456996 bytes)
.
PDF statistics:
 413 PDF objects out of 1000 (max. 8388607)
 268 compressed objects within 3 object streams
 17 named destinations out of 1000 (max. 500000)
 81 words of extra memory for PDF output out of 10000 (max. 10000000)

